0 info it worked if it ends with ok
1 verbose cli [ '/Users/jelger/dev/adobe/commerce-cif-api/src/main/javascript/node/node',
1 verbose cli   '/Users/jelger/dev/adobe/commerce-cif-api/src/main/javascript/node/node_modules/npm/bin/npm-cli.js',
1 verbose cli   'publish' ]
2 info using npm@4.1.2
3 info using node@v7.7.4
4 verbose publish [ '.' ]
5 silly cache add args [ '.', null ]
6 verbose cache add spec .
7 silly cache add parsed spec Result {
7 silly cache add   raw: '.',
7 silly cache add   scope: null,
7 silly cache add   escapedName: null,
7 silly cache add   name: null,
7 silly cache add   rawSpec: '.',
7 silly cache add   spec: '/Users/jelger/dev/adobe/commerce-cif-api/src/main/resources/javascript',
7 silly cache add   type: 'directory' }
8 verbose addLocalDirectory /Users/jelger/.npm/ccif-models/0.1.118/package.tgz not in flight; packing
9 verbose correctMkdir /Users/jelger/.npm correctMkdir not in flight; initializing
10 info lifecycle ccif-models@0.1.118~prepublish: ccif-models@0.1.118
11 silly lifecycle ccif-models@0.1.118~prepublish: no script for prepublish, continuing
12 info lifecycle ccif-models@0.1.118~prepare: ccif-models@0.1.118
13 silly lifecycle ccif-models@0.1.118~prepare: no script for prepare, continuing
14 verbose tar pack [ '/Users/jelger/.npm/ccif-models/0.1.118/package.tgz',
14 verbose tar pack   '/Users/jelger/dev/adobe/commerce-cif-api/src/main/resources/javascript' ]
15 verbose tarball /Users/jelger/.npm/ccif-models/0.1.118/package.tgz
16 verbose folder /Users/jelger/dev/adobe/commerce-cif-api/src/main/resources/javascript
17 verbose addLocalTarball adding from inside cache /Users/jelger/.npm/ccif-models/0.1.118/package.tgz
18 verbose correctMkdir /Users/jelger/.npm correctMkdir not in flight; initializing
19 silly cache afterAdd ccif-models@0.1.118
20 verbose afterAdd /Users/jelger/.npm/ccif-models/0.1.118/package/package.json not in flight; writing
21 verbose correctMkdir /Users/jelger/.npm correctMkdir not in flight; initializing
22 verbose afterAdd /Users/jelger/.npm/ccif-models/0.1.118/package/package.json written
23 silly publish { name: 'ccif-models',
23 silly publish   version: '0.1.118',
23 silly publish   description: 'ES6 model classes based on the CCIF Swagger definitions.',
23 silly publish   main: 'index.js',
23 silly publish   author: { name: 'Adobe Systems', url: 'http://adobe.com' },
23 silly publish   publishConfig: { registry: 'https://artifactory.corp.adobe.com/artifactory/api/npm/npm-ccif-release/' },
23 silly publish   readme: 'ERROR: No README data found!',
23 silly publish   _id: 'ccif-models@0.1.118',
23 silly publish   scripts: {},
23 silly publish   _shasum: '8c13dfa8f8ead0befe9bc69d58bbecfb23258004',
23 silly publish   _from: '.' }
24 info lifecycle ccif-models@0.1.118~prepublishOnly: ccif-models@0.1.118
25 silly lifecycle ccif-models@0.1.118~prepublishOnly: no script for prepublishOnly, continuing
26 verbose getPublishConfig { registry: 'https://artifactory.corp.adobe.com/artifactory/api/npm/npm-ccif-release/' }
27 silly mapToRegistry name ccif-models
28 silly mapToRegistry using default registry
29 silly mapToRegistry registry https://artifactory.corp.adobe.com/artifactory/api/npm/npm-ccif-release/
30 silly mapToRegistry data Result {
30 silly mapToRegistry   raw: 'ccif-models',
30 silly mapToRegistry   scope: null,
30 silly mapToRegistry   escapedName: 'ccif-models',
30 silly mapToRegistry   name: 'ccif-models',
30 silly mapToRegistry   rawSpec: '',
30 silly mapToRegistry   spec: 'latest',
30 silly mapToRegistry   type: 'tag' }
31 silly mapToRegistry uri https://artifactory.corp.adobe.com/artifactory/api/npm/npm-ccif-release/ccif-models
32 verbose publish registryBase https://artifactory.corp.adobe.com/artifactory/api/npm/npm-ccif-release/
33 silly publish uploading /Users/jelger/.npm/ccif-models/0.1.118/package.tgz
34 verbose request uri https://artifactory.corp.adobe.com/artifactory/api/npm/npm-ccif-release/ccif-models
35 verbose request always-auth set; sending authorization
36 info attempt registry request try #1 at 3:52:21 PM
37 verbose request id bd1febf0460e9f7d
38 http request PUT https://artifactory.corp.adobe.com/artifactory/api/npm/npm-ccif-release/ccif-models
39 http 403 https://artifactory.corp.adobe.com/artifactory/api/npm/npm-ccif-release/ccif-models
40 verbose headers { date: 'Tue, 03 Jul 2018 13:52:23 GMT',
40 verbose headers   'content-type': 'application/json',
40 verbose headers   'transfer-encoding': 'chunked',
40 verbose headers   connection: 'keep-alive',
40 verbose headers   server: 'Artifactory/5.10.3',
40 verbose headers   'x-artifactory-id': '3cfb3447e11ab4943a37f53d7a5dcd357274261d',
40 verbose headers   'x-artifactory-node-id': 'art2',
40 verbose headers   'content-encoding': 'gzip' }
41 verbose request invalidating /Users/jelger/.npm/artifactory.corp.adobe.com/artifactory/api/npm/npm-ccif-release/ccif-models on PUT
42 error publish Failed PUT 403
43 verbose stack Error: forbidden cannot modify pre-existing version: 0.1.118.: artifactory
43 verbose stack     at makeError (/Users/jelger/dev/adobe/commerce-cif-api/src/main/javascript/node/node_modules/npm/node_modules/npm-registry-client/lib/request.js:304:12)
43 verbose stack     at CachingRegistryClient.<anonymous> (/Users/jelger/dev/adobe/commerce-cif-api/src/main/javascript/node/node_modules/npm/node_modules/npm-registry-client/lib/request.js:292:14)
43 verbose stack     at /Users/jelger/dev/adobe/commerce-cif-api/src/main/javascript/node/node_modules/npm/node_modules/npm-registry-client/lib/request.js:218:7
43 verbose stack     at Gunzip.onEnd (zlib.js:213:5)
43 verbose stack     at emitNone (events.js:91:20)
43 verbose stack     at Gunzip.emit (events.js:188:7)
43 verbose stack     at endReadableNT (_stream_readable.js:975:12)
43 verbose stack     at _combinedTickCallback (internal/process/next_tick.js:80:11)
43 verbose stack     at process._tickCallback (internal/process/next_tick.js:104:9)
44 verbose statusCode 403
45 verbose pkgid artifactory
46 verbose cwd /Users/jelger/dev/adobe/commerce-cif-api/src/main/resources/javascript
47 error Darwin 15.6.0
48 error argv "/Users/jelger/dev/adobe/commerce-cif-api/src/main/javascript/node/node" "/Users/jelger/dev/adobe/commerce-cif-api/src/main/javascript/node/node_modules/npm/bin/npm-cli.js" "publish"
49 error node v7.7.4
50 error npm  v4.1.2
51 error code E403
52 error forbidden cannot modify pre-existing version: 0.1.118.: artifactory
53 error If you need help, you may report this error at:
53 error     <https://github.com/npm/npm/issues>
54 verbose exit [ 1, true ]
