0 info it worked if it ends with ok
1 verbose cli [ '/Users/jelger/dev/adobe/commerce-cif-api/src/main/javascript/node/node',
1 verbose cli   '/Users/jelger/dev/adobe/commerce-cif-api/src/main/javascript/node/node_modules/npm/bin/npm-cli.js',
1 verbose cli   'run',
1 verbose cli   'perform' ]
2 info using npm@4.1.2
3 info using node@v7.7.4
4 verbose run-script [ 'preperform', 'perform', 'postperform' ]
5 info lifecycle ccif-js-model-generator@0.1.0~preperform: ccif-js-model-generator@0.1.0
6 silly lifecycle ccif-js-model-generator@0.1.0~preperform: no script for preperform, continuing
7 info lifecycle ccif-js-model-generator@0.1.0~perform: ccif-js-model-generator@0.1.0
8 verbose lifecycle ccif-js-model-generator@0.1.0~perform: unsafe-perm in lifecycle true
9 verbose lifecycle ccif-js-model-generator@0.1.0~perform: PATH: /Users/jelger/dev/adobe/commerce-cif-api/src/main/javascript/node/node_modules/npm/bin/node-gyp-bin:/Users/jelger/dev/adobe/commerce-cif-api/src/main/javascript/node_modules/.bin:/Users/jelger/dev/adobe/commerce-cif-api/src/main/javascript/node:/usr/bin:/bin:/usr/sbin:/sbin:
10 verbose lifecycle ccif-js-model-generator@0.1.0~perform: CWD: /Users/jelger/dev/adobe/commerce-cif-api/src/main/javascript
11 silly lifecycle ccif-js-model-generator@0.1.0~perform: Args: [ '-c', 'cd ../resources/javascript; npm publish' ]
12 silly lifecycle ccif-js-model-generator@0.1.0~perform: Returned: code: 1  signal: null
13 info lifecycle ccif-js-model-generator@0.1.0~perform: Failed to exec perform script
14 verbose stack Error: ccif-js-model-generator@0.1.0 perform: `cd ../resources/javascript; npm publish`
14 verbose stack Exit status 1
14 verbose stack     at EventEmitter.<anonymous> (/Users/jelger/dev/adobe/commerce-cif-api/src/main/javascript/node/node_modules/npm/lib/utils/lifecycle.js:279:16)
14 verbose stack     at emitTwo (events.js:106:13)
14 verbose stack     at EventEmitter.emit (events.js:194:7)
14 verbose stack     at ChildProcess.<anonymous> (/Users/jelger/dev/adobe/commerce-cif-api/src/main/javascript/node/node_modules/npm/lib/utils/spawn.js:40:14)
14 verbose stack     at emitTwo (events.js:106:13)
14 verbose stack     at ChildProcess.emit (events.js:194:7)
14 verbose stack     at maybeClose (internal/child_process.js:899:16)
14 verbose stack     at Process.ChildProcess._handle.onexit (internal/child_process.js:226:5)
15 verbose pkgid ccif-js-model-generator@0.1.0
16 verbose cwd /Users/jelger/dev/adobe/commerce-cif-api/src/main/javascript
17 error Darwin 15.6.0
18 error argv "/Users/jelger/dev/adobe/commerce-cif-api/src/main/javascript/node/node" "/Users/jelger/dev/adobe/commerce-cif-api/src/main/javascript/node/node_modules/npm/bin/npm-cli.js" "run" "perform"
19 error node v7.7.4
20 error npm  v4.1.2
21 error code ELIFECYCLE
22 error ccif-js-model-generator@0.1.0 perform: `cd ../resources/javascript; npm publish`
22 error Exit status 1
23 error Failed at the ccif-js-model-generator@0.1.0 perform script 'cd ../resources/javascript; npm publish'.
23 error Make sure you have the latest version of node.js and npm installed.
23 error If you do, this is most likely a problem with the ccif-js-model-generator package,
23 error not with npm itself.
23 error Tell the author that this fails on your system:
23 error     cd ../resources/javascript; npm publish
23 error You can get information on how to open an issue for this project with:
23 error     npm bugs ccif-js-model-generator
23 error Or if that isn't available, you can get their info via:
23 error     npm owner ls ccif-js-model-generator
23 error There is likely additional logging output above.
24 verbose exit [ 1, true ]
